Using pre-set license
Built from '2020.3/staging' branch; Version is '2020.3.19f1 (68f137dc9bbe) revision 6877495'; Using compiler version '192528614'; Build Type 'Release'
OS: 'Windows 10 Pro; OS build 19043.1237; Version 2009; 64bit' Language: 'pl' Physical Memory: 16275 MB
BatchMode: 1, IsHumanControllingUs: 0, StartBugReporterOnCrash: 0, Is64bit: 1, IsPro: 0

COMMAND LINE ARGUMENTS:
C:\Program Files\Unity\Hub\Editor\2020.3.19f1\Editor\Unity.exe
-adb2
-batchMode
-noUpm
-name
AssetImportWorker1
-projectPath
C:/GL/Curious Element Assignment
-logFile
Logs/AssetImportWorker1.log
-srvPort
61084
Successfully changed project path to: C:/GL/Curious Element Assignment
C:/GL/Curious Element Assignment
Using Asset Import Pipeline V2.
Refreshing native plugins compatible for Editor in 98.06 ms, found 2 plugins.
Preloading 0 native plugins for Editor in 0.00 ms.
Initialize engine version: 2020.3.19f1 (68f137dc9bbe)
[Subsystems] Discovering subsystems at path C:/Program Files/Unity/Hub/Editor/2020.3.19f1/Editor/Data/Resources/UnitySubsystems
[Subsystems] Discovering subsystems at path C:/GL/Curious Element Assignment/Assets
GfxDevice: creating device client; threaded=0
Direct3D:
    Version:  Direct3D 11.0 [level 11.1]
    Renderer: AMD FirePro W5130M (ID=0x682b)
    Vendor:   
    VRAM:     2029 MB
    Driver:   21.19.128.4
Initialize mono
Mono path[0] = 'C:/Program Files/Unity/Hub/Editor/2020.3.19f1/Editor/Data/Managed'
Mono path[1] = 'C:/Program Files/Unity/Hub/Editor/2020.3.19f1/Editor/Data/MonoBleedingEdge/lib/mono/unityjit'
Mono config path = 'C:/Program Files/Unity/Hub/Editor/2020.3.19f1/Editor/Data/MonoBleedingEdge/etc'
Using monoOptions --debugger-agent=transport=dt_socket,embedding=1,server=y,suspend=n,address=127.0.0.1:56068
Begin MonoManager ReloadAssembly
Registering precompiled unity dll's ...
Register platform support module: C:/Program Files/Unity/Hub/Editor/2020.3.19f1/Editor/Data/PlaybackEngines/WebGLSupport/UnityEditor.WebGL.Extensions.dll
Register platform support module: C:/Program Files/Unity/Hub/Editor/2020.3.19f1/Editor/Data/PlaybackEngines/WindowsStandaloneSupport/UnityEditor.WindowsStandalone.Extensions.dll
Registered in 0.002842 seconds.
Native extension for WindowsStandalone target not found
Native extension for WebGL target not found
Refreshing native plugins compatible for Editor in 82.00 ms, found 2 plugins.
Preloading 0 native plugins for Editor in 0.00 ms.
Mono: successfully reloaded assembly
- Completed reload, in  1.690 seconds
Domain Reload Profiling:
	ReloadAssembly (1691ms)
		BeginReloadAssembly (63ms)
			ExecutionOrderSort (0ms)
			DisableScriptedObjects (0ms)
			BackupInstance (0ms)
			ReleaseScriptingObjects (0ms)
			CreateAndSetChildDomain (1ms)
		EndReloadAssembly (563ms)
			LoadAssemblies (61ms)
			RebuildTransferFunctionScriptingTraits (0ms)
			SetupTypeCache (209ms)
			ReleaseScriptCaches (0ms)
			RebuildScriptCaches (37ms)
			SetupLoadedEditorAssemblies (236ms)
				LogAssemblyErrors (0ms)
				InitializePlatformSupportModulesInManaged (5ms)
				SetLoadedEditorAssemblies (0ms)
				RefreshPlugins (82ms)
				BeforeProcessingInitializeOnLoad (21ms)
				ProcessInitializeOnLoadAttributes (95ms)
				ProcessInitializeOnLoadMethodAttributes (32ms)
				AfterProcessingInitializeOnLoad (0ms)
				EditorAssembliesLoaded (0ms)
			ExecutionOrderSort2 (0ms)
			AwakeInstancesAfterBackupRestoration (0ms)
Platform modules already initialized, skipping
Registering precompiled user dll's ...
Registered in 0.007472 seconds.
Begin MonoManager ReloadAssembly
Native extension for WindowsStandalone target not found
Native extension for WebGL target not found
Refreshing native plugins compatible for Editor in 87.83 ms, found 2 plugins.
Preloading 0 native plugins for Editor in 0.00 ms.
Mono: successfully reloaded assembly
- Completed reload, in  1.589 seconds
Domain Reload Profiling:
	ReloadAssembly (1591ms)
		BeginReloadAssembly (188ms)
			ExecutionOrderSort (0ms)
			DisableScriptedObjects (5ms)
			BackupInstance (0ms)
			ReleaseScriptingObjects (0ms)
			CreateAndSetChildDomain (23ms)
		EndReloadAssembly (1314ms)
			LoadAssemblies (132ms)
			RebuildTransferFunctionScriptingTraits (0ms)
			SetupTypeCache (474ms)
			ReleaseScriptCaches (1ms)
			RebuildScriptCaches (69ms)
			SetupLoadedEditorAssemblies (474ms)
				LogAssemblyErrors (0ms)
				InitializePlatformSupportModulesInManaged (8ms)
				SetLoadedEditorAssemblies (0ms)
				RefreshPlugins (88ms)
				BeforeProcessingInitializeOnLoad (107ms)
				ProcessInitializeOnLoadAttributes (251ms)
				ProcessInitializeOnLoadMethodAttributes (10ms)
				AfterProcessingInitializeOnLoad (8ms)
				EditorAssembliesLoaded (0ms)
			ExecutionOrderSort2 (0ms)
			AwakeInstancesAfterBackupRestoration (8ms)
Platform modules already initialized, skipping
========================================================================
Worker process is ready to serve import requests
Launched and connected shader compiler UnityShaderCompiler.exe after 0.11 seconds
Refreshing native plugins compatible for Editor in 0.81 ms, found 2 plugins.
Preloading 0 native plugins for Editor in 0.00 ms.
Unloading 3358 Unused Serialized files (Serialized files now loaded: 0)
System memory in use before: 144.6 MB.
System memory in use after: 144.8 MB.

Unloading 26 unused Assets to reduce memory usage. Loaded Objects now: 3794.
Total: 5.677800 ms (FindLiveObjects: 0.320200 ms CreateObjectMapping: 0.176900 ms MarkObjects: 5.009700 ms  DeleteObjects: 0.169100 ms)

AssetImportParameters requested are different than current active one (requested -> active):
  custom:framework-win-MediaFoundation: 216162199b28c13a410421893ffa2e32 -> 
  custom:video-decoder-ogg-theora: a1e56fd34408186e4bbccfd4996cb3dc -> 
  custom:container-muxer-webm: aa71ff27fc2769a1b78a27578f13a17b -> 
  custom:container-demuxer-webm: 4f35f7cbe854078d1ac9338744f61a02 -> 
  custom:container-demuxer-ogg: 62fdf1f143b41e24485cea50d1cbac27 -> 
  custom:video-encoder-webm-vp8: eb34c28f22e8b96e1ab97ce403110664 -> 
  custom:video-decoder-webm-vp8: 9c59270c3fd7afecdb556c50c9e8de78 -> 
  custom:audio-decoder-ogg-vorbis: bf7c407c2cedff20999df2af8eb42d56 -> 
  custom:audio-encoder-webm-vorbis: bf7c407c2cedff20999df2af8eb42d56 -> 
========================================================================
Received Import Request.
  path: Assets/Materials/Red.mat
  artifactKey: Guid(e9c4322531f94f145ac82595c169ba98) Importer(815301076,1909f56bfc062723c751e8b465ee728b)
Start importing Assets/Materials/Red.mat using Guid(e9c4322531f94f145ac82595c169ba98) Importer(815301076,1909f56bfc062723c751e8b465ee728b)  -> (artifact id: '10d2e95678971bae78d2f67fedb017cd') in 0.342402 seconds 
  Import took 0.351425 seconds .

========================================================================
Received Import Request.
  Time since last request: 28.008683 seconds.
  path: Assets/Materials/Pants.mat
  artifactKey: Guid(5a494fe64851af546a49662f57bc4a44) Importer(815301076,1909f56bfc062723c751e8b465ee728b)
Start importing Assets/Materials/Pants.mat using Guid(5a494fe64851af546a49662f57bc4a44) Importer(815301076,1909f56bfc062723c751e8b465ee728b)  -> (artifact id: '242c17d4e82a43a34b875c9bce11e074') in 0.022415 seconds 
  Import took 0.029982 seconds .

========================================================================
Received Import Request.
  Time since last request: 5.826325 seconds.
  path: Assets/Materials/Jacket.mat
  artifactKey: Guid(95ac02d8b164da742914ac0196ad747f) Importer(815301076,1909f56bfc062723c751e8b465ee728b)
Start importing Assets/Materials/Jacket.mat using Guid(95ac02d8b164da742914ac0196ad747f) Importer(815301076,1909f56bfc062723c751e8b465ee728b)  -> (artifact id: '719b1821103a1cef9a3313f66c91aa7c') in 0.021987 seconds 
  Import took 0.037953 seconds .

========================================================================
Received Import Request.
  Time since last request: 5.533582 seconds.
  path: Assets/Materials/Stripes.mat
  artifactKey: Guid(bfdb9bf670e4a7d408eeb6180ff3a2f3) Importer(815301076,1909f56bfc062723c751e8b465ee728b)
Start importing Assets/Materials/Stripes.mat using Guid(bfdb9bf670e4a7d408eeb6180ff3a2f3) Importer(815301076,1909f56bfc062723c751e8b465ee728b)  -> (artifact id: 'fbb3ccbe070b0f78ec8dd4c21f39221a') in 0.022978 seconds 
  Import took 0.031020 seconds .

========================================================================
Received Import Request.
  Time since last request: 62.128706 seconds.
  path: Assets/Materials/Jacket.mat
  artifactKey: Guid(95ac02d8b164da742914ac0196ad747f) Importer(815301076,1909f56bfc062723c751e8b465ee728b)
Start importing Assets/Materials/Jacket.mat using Guid(95ac02d8b164da742914ac0196ad747f) Importer(815301076,1909f56bfc062723c751e8b465ee728b)  -> (artifact id: 'a695e625a6e35ff84d6c794521206b71') in 0.031886 seconds 
  Import took 0.040512 seconds .

========================================================================
Received Import Request.
  Time since last request: 0.000329 seconds.
  path: Assets/Materials/Pants.mat
  artifactKey: Guid(5a494fe64851af546a49662f57bc4a44) Importer(815301076,1909f56bfc062723c751e8b465ee728b)
Start importing Assets/Materials/Pants.mat using Guid(5a494fe64851af546a49662f57bc4a44) Importer(815301076,1909f56bfc062723c751e8b465ee728b)  -> (artifact id: 'd348f556f10e6b08a53f8f014e1ab6a7') in 0.024659 seconds 
  Import took 0.036668 seconds .

========================================================================
Received Import Request.
  Time since last request: 0.000327 seconds.
  path: Assets/Materials/Stripes.mat
  artifactKey: Guid(bfdb9bf670e4a7d408eeb6180ff3a2f3) Importer(815301076,1909f56bfc062723c751e8b465ee728b)
Start importing Assets/Materials/Stripes.mat using Guid(bfdb9bf670e4a7d408eeb6180ff3a2f3) Importer(815301076,1909f56bfc062723c751e8b465ee728b)  -> (artifact id: '4966dcfa1fe9fb4a1525b3ac1a6b5dd6') in 0.020393 seconds 
  Import took 0.029185 seconds .

========================================================================
Received Import Request.
  Time since last request: 0.000353 seconds.
  path: Assets/Materials/StripesBlue.mat
  artifactKey: Guid(9dd1a85cab7687f408e5794f5532e2fb) Importer(815301076,1909f56bfc062723c751e8b465ee728b)
Start importing Assets/Materials/StripesBlue.mat using Guid(9dd1a85cab7687f408e5794f5532e2fb) Importer(815301076,1909f56bfc062723c751e8b465ee728b)  -> (artifact id: '80c0ca0055df41c75d8610ca6a951efe') in 0.021466 seconds 
  Import took 0.030662 seconds .

========================================================================
Received Import Request.
  Time since last request: 18.886368 seconds.
  path: Assets/Materials/PantsBlue.mat
  artifactKey: Guid(d561860fd45e0f84ea9964892f9122b2) Importer(815301076,1909f56bfc062723c751e8b465ee728b)
Start importing Assets/Materials/PantsBlue.mat using Guid(d561860fd45e0f84ea9964892f9122b2) Importer(815301076,1909f56bfc062723c751e8b465ee728b)  -> (artifact id: 'd764b18d6c341cdcb0ac228d2fdac5e7') in 0.022163 seconds 
  Import took 0.035622 seconds .

========================================================================
Received Import Request.
  Time since last request: 8.273671 seconds.
  path: Assets/Materials/JacketBlue.mat
  artifactKey: Guid(7fb4dc211a8b1d54fbb8066acec11870) Importer(815301076,1909f56bfc062723c751e8b465ee728b)
Start importing Assets/Materials/JacketBlue.mat using Guid(7fb4dc211a8b1d54fbb8066acec11870) Importer(815301076,1909f56bfc062723c751e8b465ee728b)  -> (artifact id: '1bf054afd07f5710e8b2979a678b43ff') in 0.022584 seconds 
  Import took 0.037728 seconds .

========================================================================
Received Import Request.
  Time since last request: 158.233053 seconds.
  path: Assets/Models/Fbx/Firefighter/firefighter.prefab
  artifactKey: Guid(8bcfd704547abf94e954fe789ee7b011) Importer(815301076,1909f56bfc062723c751e8b465ee728b)
Start importing Assets/Models/Fbx/Firefighter/firefighter.prefab using Guid(8bcfd704547abf94e954fe789ee7b011) Importer(815301076,1909f56bfc062723c751e8b465ee728b)  -> (artifact id: '78fc6028d79ac04db0b79bd8ee7c411e') in 0.063772 seconds 
  Import took 0.072335 seconds .

========================================================================
Received Import Request.
  Time since last request: 6.653423 seconds.
  path: Assets/Models/Fbx/Firefighter/firefighter temp.prefab
  artifactKey: Guid(8bcfd704547abf94e954fe789ee7b011) Importer(815301076,1909f56bfc062723c751e8b465ee728b)
Start importing Assets/Models/Fbx/Firefighter/firefighter temp.prefab using Guid(8bcfd704547abf94e954fe789ee7b011) Importer(815301076,1909f56bfc062723c751e8b465ee728b)  -> (artifact id: '70dad48a4a4d6c9edb2306b0d973aafc') in 0.028434 seconds 
  Import took 0.038274 seconds .

========================================================================
Received Import Request.
  Time since last request: 15.387092 seconds.
  path: Assets/Models/Fbx/Firefighter/firefighter.prefab
  artifactKey: Guid(00f60da02c4b3e847bcfcd721058257c) Importer(815301076,1909f56bfc062723c751e8b465ee728b)
Start importing Assets/Models/Fbx/Firefighter/firefighter.prefab using Guid(00f60da02c4b3e847bcfcd721058257c) Importer(815301076,1909f56bfc062723c751e8b465ee728b)  -> (artifact id: '5620f377cd9f113ec90de4a296a6be60') in 0.022289 seconds 
  Import took 0.030572 seconds .

========================================================================
Received Import Request.
  Time since last request: 3.847168 seconds.
  path: Assets/Models/Fbx/Firefighter/fire temp.prefab
  artifactKey: Guid(00f60da02c4b3e847bcfcd721058257c) Importer(815301076,1909f56bfc062723c751e8b465ee728b)
Start importing Assets/Models/Fbx/Firefighter/fire temp.prefab using Guid(00f60da02c4b3e847bcfcd721058257c) Importer(815301076,1909f56bfc062723c751e8b465ee728b)  -> (artifact id: '9a4f8036216116355fb8be52b261e652') in 0.023696 seconds 
  Import took 0.032740 seconds .

========================================================================
Received Prepare
Registering precompiled user dll's ...
Registered in 0.007569 seconds.
Begin MonoManager ReloadAssembly
Native extension for WindowsStandalone target not found
Native extension for WebGL target not found
Refreshing native plugins compatible for Editor in 0.92 ms, found 2 plugins.
Preloading 0 native plugins for Editor in 0.00 ms.
Mono: successfully reloaded assembly
- Completed reload, in  1.602 seconds
Domain Reload Profiling:
	ReloadAssembly (1602ms)
		BeginReloadAssembly (188ms)
			ExecutionOrderSort (0ms)
			DisableScriptedObjects (9ms)
			BackupInstance (0ms)
			ReleaseScriptingObjects (0ms)
			CreateAndSetChildDomain (59ms)
		EndReloadAssembly (1343ms)
			LoadAssemblies (128ms)
			RebuildTransferFunctionScriptingTraits (0ms)
			SetupTypeCache (468ms)
			ReleaseScriptCaches (2ms)
			RebuildScriptCaches (58ms)
			SetupLoadedEditorAssemblies (505ms)
				LogAssemblyErrors (0ms)
				InitializePlatformSupportModulesInManaged (8ms)
				SetLoadedEditorAssemblies (1ms)
				RefreshPlugins (1ms)
				BeforeProcessingInitializeOnLoad (190ms)
				ProcessInitializeOnLoadAttributes (288ms)
				ProcessInitializeOnLoadMethodAttributes (7ms)
				AfterProcessingInitializeOnLoad (9ms)
				EditorAssembliesLoaded (0ms)
			ExecutionOrderSort2 (0ms)
			AwakeInstancesAfterBackupRestoration (19ms)
Platform modules already initialized, skipping
Refreshing native plugins compatible for Editor in 0.75 ms, found 2 plugins.
Preloading 0 native plugins for Editor in 0.00 ms.
Unloading 3244 Unused Serialized files (Serialized files now loaded: 0)
System memory in use before: 156.0 MB.
System memory in use after: 156.2 MB.

Unloading 17 unused Assets to reduce memory usage. Loaded Objects now: 3875.
Total: 4.169200 ms (FindLiveObjects: 0.382800 ms CreateObjectMapping: 0.205700 ms MarkObjects: 3.531500 ms  DeleteObjects: 0.047900 ms)

AssetImportParameters requested are different than current active one (requested -> active):
  custom:framework-win-MediaFoundation: 216162199b28c13a410421893ffa2e32 -> 
  custom:video-decoder-ogg-theora: a1e56fd34408186e4bbccfd4996cb3dc -> 
  custom:container-muxer-webm: aa71ff27fc2769a1b78a27578f13a17b -> 
  custom:container-demuxer-webm: 4f35f7cbe854078d1ac9338744f61a02 -> 
  custom:container-demuxer-ogg: 62fdf1f143b41e24485cea50d1cbac27 -> 
  custom:video-encoder-webm-vp8: eb34c28f22e8b96e1ab97ce403110664 -> 
  custom:video-decoder-webm-vp8: 9c59270c3fd7afecdb556c50c9e8de78 -> 
  custom:audio-decoder-ogg-vorbis: bf7c407c2cedff20999df2af8eb42d56 -> 
  custom:audio-encoder-webm-vorbis: bf7c407c2cedff20999df2af8eb42d56 -> 
========================================================================
Received Prepare
Registering precompiled user dll's ...
Registered in 0.009596 seconds.
Begin MonoManager ReloadAssembly
Native extension for WindowsStandalone target not found
Native extension for WebGL target not found
Refreshing native plugins compatible for Editor in 0.64 ms, found 2 plugins.
Preloading 0 native plugins for Editor in 0.00 ms.
Mono: successfully reloaded assembly
- Completed reload, in  1.373 seconds
Domain Reload Profiling:
	ReloadAssembly (1374ms)
		BeginReloadAssembly (150ms)
			ExecutionOrderSort (0ms)
			DisableScriptedObjects (7ms)
			BackupInstance (0ms)
			ReleaseScriptingObjects (0ms)
			CreateAndSetChildDomain (52ms)
		EndReloadAssembly (1149ms)
			LoadAssemblies (119ms)
			RebuildTransferFunctionScriptingTraits (0ms)
			SetupTypeCache (444ms)
			ReleaseScriptCaches (1ms)
			RebuildScriptCaches (48ms)
			SetupLoadedEditorAssemblies (382ms)
				LogAssemblyErrors (0ms)
				InitializePlatformSupportModulesInManaged (5ms)
				SetLoadedEditorAssemblies (1ms)
				RefreshPlugins (1ms)
				BeforeProcessingInitializeOnLoad (104ms)
				ProcessInitializeOnLoadAttributes (256ms)
				ProcessInitializeOnLoadMethodAttributes (6ms)
				AfterProcessingInitializeOnLoad (8ms)
				EditorAssembliesLoaded (0ms)
			ExecutionOrderSort2 (0ms)
			AwakeInstancesAfterBackupRestoration (18ms)
Platform modules already initialized, skipping
Refreshing native plugins compatible for Editor in 0.75 ms, found 2 plugins.
Preloading 0 native plugins for Editor in 0.00 ms.
Unloading 3244 Unused Serialized files (Serialized files now loaded: 0)
System memory in use before: 156.1 MB.
System memory in use after: 156.3 MB.

Unloading 17 unused Assets to reduce memory usage. Loaded Objects now: 3877.
Total: 4.071100 ms (FindLiveObjects: 0.327100 ms CreateObjectMapping: 0.183900 ms MarkObjects: 3.540600 ms  DeleteObjects: 0.018500 ms)

AssetImportParameters requested are different than current active one (requested -> active):
  custom:framework-win-MediaFoundation: 216162199b28c13a410421893ffa2e32 -> 
  custom:video-decoder-ogg-theora: a1e56fd34408186e4bbccfd4996cb3dc -> 
  custom:container-muxer-webm: aa71ff27fc2769a1b78a27578f13a17b -> 
  custom:container-demuxer-webm: 4f35f7cbe854078d1ac9338744f61a02 -> 
  custom:container-demuxer-ogg: 62fdf1f143b41e24485cea50d1cbac27 -> 
  custom:video-encoder-webm-vp8: eb34c28f22e8b96e1ab97ce403110664 -> 
  custom:video-decoder-webm-vp8: 9c59270c3fd7afecdb556c50c9e8de78 -> 
  custom:audio-decoder-ogg-vorbis: bf7c407c2cedff20999df2af8eb42d56 -> 
  custom:audio-encoder-webm-vorbis: bf7c407c2cedff20999df2af8eb42d56 -> 
========================================================================
Received Prepare
Registering precompiled user dll's ...
Registered in 0.007029 seconds.
Begin MonoManager ReloadAssembly
Native extension for WindowsStandalone target not found
Native extension for WebGL target not found
Refreshing native plugins compatible for Editor in 0.67 ms, found 2 plugins.
Preloading 0 native plugins for Editor in 0.00 ms.
Mono: successfully reloaded assembly
- Completed reload, in  1.339 seconds
Domain Reload Profiling:
	ReloadAssembly (1339ms)
		BeginReloadAssembly (146ms)
			ExecutionOrderSort (0ms)
			DisableScriptedObjects (7ms)
			BackupInstance (0ms)
			ReleaseScriptingObjects (0ms)
			CreateAndSetChildDomain (48ms)
		EndReloadAssembly (1104ms)
			LoadAssemblies (120ms)
			RebuildTransferFunctionScriptingTraits (0ms)
			SetupTypeCache (424ms)
			ReleaseScriptCaches (1ms)
			RebuildScriptCaches (51ms)
			SetupLoadedEditorAssemblies (345ms)
				LogAssemblyErrors (0ms)
				InitializePlatformSupportModulesInManaged (6ms)
				SetLoadedEditorAssemblies (1ms)
				RefreshPlugins (1ms)
				BeforeProcessingInitializeOnLoad (99ms)
				ProcessInitializeOnLoadAttributes (224ms)
				ProcessInitializeOnLoadMethodAttributes (6ms)
				AfterProcessingInitializeOnLoad (8ms)
				EditorAssembliesLoaded (0ms)
			ExecutionOrderSort2 (0ms)
			AwakeInstancesAfterBackupRestoration (18ms)
Platform modules already initialized, skipping
Refreshing native plugins compatible for Editor in 0.80 ms, found 2 plugins.
Preloading 0 native plugins for Editor in 0.00 ms.
Unloading 3244 Unused Serialized files (Serialized files now loaded: 0)
System memory in use before: 156.1 MB.
System memory in use after: 156.3 MB.

Unloading 17 unused Assets to reduce memory usage. Loaded Objects now: 3879.
Total: 4.106700 ms (FindLiveObjects: 0.332400 ms CreateObjectMapping: 0.210900 ms MarkObjects: 3.541700 ms  DeleteObjects: 0.020500 ms)

AssetImportParameters requested are different than current active one (requested -> active):
  custom:framework-win-MediaFoundation: 216162199b28c13a410421893ffa2e32 -> 
  custom:video-decoder-ogg-theora: a1e56fd34408186e4bbccfd4996cb3dc -> 
  custom:container-muxer-webm: aa71ff27fc2769a1b78a27578f13a17b -> 
  custom:container-demuxer-webm: 4f35f7cbe854078d1ac9338744f61a02 -> 
  custom:container-demuxer-ogg: 62fdf1f143b41e24485cea50d1cbac27 -> 
  custom:video-encoder-webm-vp8: eb34c28f22e8b96e1ab97ce403110664 -> 
  custom:video-decoder-webm-vp8: 9c59270c3fd7afecdb556c50c9e8de78 -> 
  custom:audio-decoder-ogg-vorbis: bf7c407c2cedff20999df2af8eb42d56 -> 
  custom:audio-encoder-webm-vorbis: bf7c407c2cedff20999df2af8eb42d56 -> 
========================================================================
Received Prepare
Registering precompiled user dll's ...
Registered in 0.006997 seconds.
Begin MonoManager ReloadAssembly
Native extension for WindowsStandalone target not found
Native extension for WebGL target not found
Refreshing native plugins compatible for Editor in 0.67 ms, found 2 plugins.
Preloading 0 native plugins for Editor in 0.00 ms.
Mono: successfully reloaded assembly
- Completed reload, in  1.351 seconds
Domain Reload Profiling:
	ReloadAssembly (1351ms)
		BeginReloadAssembly (134ms)
			ExecutionOrderSort (0ms)
			DisableScriptedObjects (8ms)
			BackupInstance (0ms)
			ReleaseScriptingObjects (0ms)
			CreateAndSetChildDomain (46ms)
		EndReloadAssembly (1146ms)
			LoadAssemblies (120ms)
			RebuildTransferFunctionScriptingTraits (0ms)
			SetupTypeCache (437ms)
			ReleaseScriptCaches (1ms)
			RebuildScriptCaches (60ms)
			SetupLoadedEditorAssemblies (346ms)
				LogAssemblyErrors (0ms)
				InitializePlatformSupportModulesInManaged (6ms)
				SetLoadedEditorAssemblies (1ms)
				RefreshPlugins (1ms)
				BeforeProcessingInitializeOnLoad (99ms)
				ProcessInitializeOnLoadAttributes (226ms)
				ProcessInitializeOnLoadMethodAttributes (6ms)
				AfterProcessingInitializeOnLoad (8ms)
				EditorAssembliesLoaded (0ms)
			ExecutionOrderSort2 (0ms)
			AwakeInstancesAfterBackupRestoration (18ms)
Platform modules already initialized, skipping
Refreshing native plugins compatible for Editor in 0.76 ms, found 2 plugins.
Preloading 0 native plugins for Editor in 0.00 ms.
Unloading 3244 Unused Serialized files (Serialized files now loaded: 0)
System memory in use before: 156.1 MB.
System memory in use after: 156.3 MB.

Unloading 17 unused Assets to reduce memory usage. Loaded Objects now: 3881.
Total: 4.791300 ms (FindLiveObjects: 0.341000 ms CreateObjectMapping: 0.234600 ms MarkObjects: 4.163500 ms  DeleteObjects: 0.051100 ms)

AssetImportParameters requested are different than current active one (requested -> active):
  custom:framework-win-MediaFoundation: 216162199b28c13a410421893ffa2e32 -> 
  custom:video-decoder-ogg-theora: a1e56fd34408186e4bbccfd4996cb3dc -> 
  custom:container-muxer-webm: aa71ff27fc2769a1b78a27578f13a17b -> 
  custom:container-demuxer-webm: 4f35f7cbe854078d1ac9338744f61a02 -> 
  custom:container-demuxer-ogg: 62fdf1f143b41e24485cea50d1cbac27 -> 
  custom:video-encoder-webm-vp8: eb34c28f22e8b96e1ab97ce403110664 -> 
  custom:video-decoder-webm-vp8: 9c59270c3fd7afecdb556c50c9e8de78 -> 
  custom:audio-decoder-ogg-vorbis: bf7c407c2cedff20999df2af8eb42d56 -> 
  custom:audio-encoder-webm-vorbis: bf7c407c2cedff20999df2af8eb42d56 -> 
========================================================================
Received Prepare
Registering precompiled user dll's ...
Registered in 0.011160 seconds.
Begin MonoManager ReloadAssembly
Native extension for WindowsStandalone target not found
Native extension for WebGL target not found
Refreshing native plugins compatible for Editor in 0.66 ms, found 2 plugins.
Preloading 0 native plugins for Editor in 0.00 ms.
Mono: successfully reloaded assembly
- Completed reload, in  1.394 seconds
Domain Reload Profiling:
	ReloadAssembly (1394ms)
		BeginReloadAssembly (157ms)
			ExecutionOrderSort (0ms)
			DisableScriptedObjects (8ms)
			BackupInstance (0ms)
			ReleaseScriptingObjects (0ms)
			CreateAndSetChildDomain (46ms)
		EndReloadAssembly (1160ms)
			LoadAssemblies (137ms)
			RebuildTransferFunctionScriptingTraits (0ms)
			SetupTypeCache (463ms)
			ReleaseScriptCaches (1ms)
			RebuildScriptCaches (50ms)
			SetupLoadedEditorAssemblies (351ms)
				LogAssemblyErrors (0ms)
				InitializePlatformSupportModulesInManaged (6ms)
				SetLoadedEditorAssemblies (0ms)
				RefreshPlugins (1ms)
				BeforeProcessingInitializeOnLoad (109ms)
				ProcessInitializeOnLoadAttributes (223ms)
				ProcessInitializeOnLoadMethodAttributes (6ms)
				AfterProcessingInitializeOnLoad (7ms)
				EditorAssembliesLoaded (0ms)
			ExecutionOrderSort2 (0ms)
			AwakeInstancesAfterBackupRestoration (17ms)
Platform modules already initialized, skipping
Refreshing native plugins compatible for Editor in 0.80 ms, found 2 plugins.
Preloading 0 native plugins for Editor in 0.00 ms.
Unloading 3244 Unused Serialized files (Serialized files now loaded: 0)
System memory in use before: 156.1 MB.
System memory in use after: 156.4 MB.

Unloading 17 unused Assets to reduce memory usage. Loaded Objects now: 3883.
Total: 4.559400 ms (FindLiveObjects: 0.602700 ms CreateObjectMapping: 0.153700 ms MarkObjects: 3.752400 ms  DeleteObjects: 0.049700 ms)

AssetImportParameters requested are different than current active one (requested -> active):
  custom:framework-win-MediaFoundation: 216162199b28c13a410421893ffa2e32 -> 
  custom:video-decoder-ogg-theora: a1e56fd34408186e4bbccfd4996cb3dc -> 
  custom:container-muxer-webm: aa71ff27fc2769a1b78a27578f13a17b -> 
  custom:container-demuxer-webm: 4f35f7cbe854078d1ac9338744f61a02 -> 
  custom:container-demuxer-ogg: 62fdf1f143b41e24485cea50d1cbac27 -> 
  custom:video-encoder-webm-vp8: eb34c28f22e8b96e1ab97ce403110664 -> 
  custom:video-decoder-webm-vp8: 9c59270c3fd7afecdb556c50c9e8de78 -> 
  custom:audio-decoder-ogg-vorbis: bf7c407c2cedff20999df2af8eb42d56 -> 
  custom:audio-encoder-webm-vorbis: bf7c407c2cedff20999df2af8eb42d56 -> 
========================================================================
Received Prepare
Registering precompiled user dll's ...
Registered in 0.007919 seconds.
Begin MonoManager ReloadAssembly
Native extension for WindowsStandalone target not found
Native extension for WebGL target not found
Refreshing native plugins compatible for Editor in 1.02 ms, found 2 plugins.
Preloading 0 native plugins for Editor in 0.00 ms.
Mono: successfully reloaded assembly
- Completed reload, in  1.358 seconds
Domain Reload Profiling:
	ReloadAssembly (1359ms)
		BeginReloadAssembly (139ms)
			ExecutionOrderSort (0ms)
			DisableScriptedObjects (7ms)
			BackupInstance (0ms)
			ReleaseScriptingObjects (0ms)
			CreateAndSetChildDomain (45ms)
		EndReloadAssembly (1143ms)
			LoadAssemblies (118ms)
			RebuildTransferFunctionScriptingTraits (0ms)
			SetupTypeCache (443ms)
			ReleaseScriptCaches (1ms)
			RebuildScriptCaches (51ms)
			SetupLoadedEditorAssemblies (359ms)
				LogAssemblyErrors (0ms)
				InitializePlatformSupportModulesInManaged (7ms)
				SetLoadedEditorAssemblies (1ms)
				RefreshPlugins (1ms)
				BeforeProcessingInitializeOnLoad (114ms)
				ProcessInitializeOnLoadAttributes (222ms)
				ProcessInitializeOnLoadMethodAttributes (6ms)
				AfterProcessingInitializeOnLoad (8ms)
				EditorAssembliesLoaded (0ms)
			ExecutionOrderSort2 (0ms)
			AwakeInstancesAfterBackupRestoration (18ms)
Platform modules already initialized, skipping
Refreshing native plugins compatible for Editor in 1.05 ms, found 2 plugins.
Preloading 0 native plugins for Editor in 0.00 ms.
Unloading 3244 Unused Serialized files (Serialized files now loaded: 0)
System memory in use before: 156.1 MB.
System memory in use after: 156.4 MB.

Unloading 17 unused Assets to reduce memory usage. Loaded Objects now: 3885.
Total: 5.251900 ms (FindLiveObjects: 0.525600 ms CreateObjectMapping: 0.302300 ms MarkObjects: 4.373100 ms  DeleteObjects: 0.049300 ms)

AssetImportParameters requested are different than current active one (requested -> active):
  custom:framework-win-MediaFoundation: 216162199b28c13a410421893ffa2e32 -> 
  custom:video-decoder-ogg-theora: a1e56fd34408186e4bbccfd4996cb3dc -> 
  custom:container-muxer-webm: aa71ff27fc2769a1b78a27578f13a17b -> 
  custom:container-demuxer-webm: 4f35f7cbe854078d1ac9338744f61a02 -> 
  custom:container-demuxer-ogg: 62fdf1f143b41e24485cea50d1cbac27 -> 
  custom:video-encoder-webm-vp8: eb34c28f22e8b96e1ab97ce403110664 -> 
  custom:video-decoder-webm-vp8: 9c59270c3fd7afecdb556c50c9e8de78 -> 
  custom:audio-decoder-ogg-vorbis: bf7c407c2cedff20999df2af8eb42d56 -> 
  custom:audio-encoder-webm-vorbis: bf7c407c2cedff20999df2af8eb42d56 -> 
========================================================================
Received Import Request.
  Time since last request: 1241.892964 seconds.
  path: Assets/Models/Prefabs/Firefighter/Firefighter.prefab
  artifactKey: Guid(3c93adc67ec919c4ea8724631ce0994e) Importer(815301076,1909f56bfc062723c751e8b465ee728b)
Start importing Assets/Models/Prefabs/Firefighter/Firefighter.prefab using Guid(3c93adc67ec919c4ea8724631ce0994e) Importer(815301076,1909f56bfc062723c751e8b465ee728b)  -> (artifact id: 'cf7a0273dd53081b54a0b381158c1dbe') in 0.210737 seconds 
  Import took 0.224341 seconds .

========================================================================
Received Prepare
Registering precompiled user dll's ...
Registered in 0.009170 seconds.
Begin MonoManager ReloadAssembly
Native extension for WindowsStandalone target not found
Native extension for WebGL target not found
Refreshing native plugins compatible for Editor in 0.69 ms, found 2 plugins.
Preloading 0 native plugins for Editor in 0.00 ms.
Mono: successfully reloaded assembly
- Completed reload, in  1.332 seconds
Domain Reload Profiling:
	ReloadAssembly (1332ms)
		BeginReloadAssembly (140ms)
			ExecutionOrderSort (0ms)
			DisableScriptedObjects (10ms)
			BackupInstance (0ms)
			ReleaseScriptingObjects (0ms)
			CreateAndSetChildDomain (48ms)
		EndReloadAssembly (1117ms)
			LoadAssemblies (133ms)
			RebuildTransferFunctionScriptingTraits (0ms)
			SetupTypeCache (420ms)
			ReleaseScriptCaches (1ms)
			RebuildScriptCaches (53ms)
			SetupLoadedEditorAssemblies (335ms)
				LogAssemblyErrors (0ms)
				InitializePlatformSupportModulesInManaged (5ms)
				SetLoadedEditorAssemblies (1ms)
				RefreshPlugins (1ms)
				BeforeProcessingInitializeOnLoad (93ms)
				ProcessInitializeOnLoadAttributes (222ms)
				ProcessInitializeOnLoadMethodAttributes (6ms)
				AfterProcessingInitializeOnLoad (7ms)
				EditorAssembliesLoaded (0ms)
			ExecutionOrderSort2 (0ms)
			AwakeInstancesAfterBackupRestoration (17ms)
Platform modules already initialized, skipping
Refreshing native plugins compatible for Editor in 0.79 ms, found 2 plugins.
Preloading 0 native plugins for Editor in 0.00 ms.
Unloading 3244 Unused Serialized files (Serialized files now loaded: 0)
System memory in use before: 156.2 MB.
System memory in use after: 156.5 MB.

Unloading 17 unused Assets to reduce memory usage. Loaded Objects now: 3923.
Total: 4.128000 ms (FindLiveObjects: 0.493400 ms CreateObjectMapping: 0.217600 ms MarkObjects: 3.363200 ms  DeleteObjects: 0.052800 ms)

AssetImportParameters requested are different than current active one (requested -> active):
  custom:framework-win-MediaFoundation: 216162199b28c13a410421893ffa2e32 -> 
  custom:video-decoder-ogg-theora: a1e56fd34408186e4bbccfd4996cb3dc -> 
  custom:container-muxer-webm: aa71ff27fc2769a1b78a27578f13a17b -> 
  custom:container-demuxer-webm: 4f35f7cbe854078d1ac9338744f61a02 -> 
  custom:container-demuxer-ogg: 62fdf1f143b41e24485cea50d1cbac27 -> 
  custom:video-encoder-webm-vp8: eb34c28f22e8b96e1ab97ce403110664 -> 
  custom:video-decoder-webm-vp8: 9c59270c3fd7afecdb556c50c9e8de78 -> 
  custom:audio-decoder-ogg-vorbis: bf7c407c2cedff20999df2af8eb42d56 -> 
  custom:audio-encoder-webm-vorbis: bf7c407c2cedff20999df2af8eb42d56 -> 
========================================================================
Received Import Request.
  Time since last request: 23.365750 seconds.
  path: Assets/Models/Prefabs/Firefighter/Firefighter.prefab
  artifactKey: Guid(3c93adc67ec919c4ea8724631ce0994e) Importer(815301076,1909f56bfc062723c751e8b465ee728b)
Start importing Assets/Models/Prefabs/Firefighter/Firefighter.prefab using Guid(3c93adc67ec919c4ea8724631ce0994e) Importer(815301076,1909f56bfc062723c751e8b465ee728b)  -> (artifact id: 'afa1d7a120c715c848bf4e6ef0fcb707') in 0.201048 seconds 
  Import took 0.208686 seconds .

========================================================================
Received Import Request.
  Time since last request: 8.226499 seconds.
  path: Assets/Models/Prefabs/Firefighter/Firefighter.prefab
  artifactKey: Guid(3c93adc67ec919c4ea8724631ce0994e) Importer(815301076,1909f56bfc062723c751e8b465ee728b)
Start importing Assets/Models/Prefabs/Firefighter/Firefighter.prefab using Guid(3c93adc67ec919c4ea8724631ce0994e) Importer(815301076,1909f56bfc062723c751e8b465ee728b)  -> (artifact id: 'efdef11288a2cf275a0c6b58708d65b4') in 0.030670 seconds 
  Import took 0.038457 seconds .

========================================================================
Received Import Request.
  Time since last request: 5.136276 seconds.
  path: Assets/Models/Prefabs/Firefighter/Firefighter.prefab
  artifactKey: Guid(3c93adc67ec919c4ea8724631ce0994e) Importer(815301076,1909f56bfc062723c751e8b465ee728b)
Start importing Assets/Models/Prefabs/Firefighter/Firefighter.prefab using Guid(3c93adc67ec919c4ea8724631ce0994e) Importer(815301076,1909f56bfc062723c751e8b465ee728b)  -> (artifact id: '1c8c2a9cb87b1d24cb79ca34f8fb1df8') in 0.040938 seconds 
  Import took 0.048732 seconds .

========================================================================
Received Import Request.
  Time since last request: 1.193720 seconds.
  path: Assets/Models/Prefabs/Firefighter/Firefighter.prefab
  artifactKey: Guid(3c93adc67ec919c4ea8724631ce0994e) Importer(815301076,1909f56bfc062723c751e8b465ee728b)
Start importing Assets/Models/Prefabs/Firefighter/Firefighter.prefab using Guid(3c93adc67ec919c4ea8724631ce0994e) Importer(815301076,1909f56bfc062723c751e8b465ee728b)  -> (artifact id: '079b42cf9e4fb43910a65b139720cf64') in 0.031144 seconds 
  Import took 0.040640 seconds .

========================================================================
Received Import Request.
  Time since last request: 4.512896 seconds.
  path: Assets/Models/Prefabs/Firefighter/Firefighter.prefab
  artifactKey: Guid(3c93adc67ec919c4ea8724631ce0994e) Importer(815301076,1909f56bfc062723c751e8b465ee728b)
Start importing Assets/Models/Prefabs/Firefighter/Firefighter.prefab using Guid(3c93adc67ec919c4ea8724631ce0994e) Importer(815301076,1909f56bfc062723c751e8b465ee728b)  -> (artifact id: '928359dd47b2652aadc5cdaf277d7266') in 0.026153 seconds 
  Import took 0.033703 seconds .

========================================================================
Received Import Request.
  Time since last request: 2.934847 seconds.
  path: Assets/Models/Prefabs/Firefighter/Firefighter.prefab
  artifactKey: Guid(3c93adc67ec919c4ea8724631ce0994e) Importer(815301076,1909f56bfc062723c751e8b465ee728b)
Start importing Assets/Models/Prefabs/Firefighter/Firefighter.prefab using Guid(3c93adc67ec919c4ea8724631ce0994e) Importer(815301076,1909f56bfc062723c751e8b465ee728b)  -> (artifact id: 'c650ffa30d44e02a24481cb9c862071c') in 0.033451 seconds 
  Import took 0.042621 seconds .

========================================================================
Received Import Request.
  Time since last request: 5.957512 seconds.
  path: Assets/Models/Prefabs/Firefighter/Firefighter.prefab
  artifactKey: Guid(3c93adc67ec919c4ea8724631ce0994e) Importer(815301076,1909f56bfc062723c751e8b465ee728b)
Start importing Assets/Models/Prefabs/Firefighter/Firefighter.prefab using Guid(3c93adc67ec919c4ea8724631ce0994e) Importer(815301076,1909f56bfc062723c751e8b465ee728b)  -> (artifact id: '1b1a49b28fc382b6ee5af292259e7703') in 0.035479 seconds 
  Import took 0.043890 seconds .

========================================================================
Received Import Request.
  Time since last request: 1.800074 seconds.
  path: Assets/Models/Prefabs/Firefighter/Firefighter.prefab
  artifactKey: Guid(3c93adc67ec919c4ea8724631ce0994e) Importer(815301076,1909f56bfc062723c751e8b465ee728b)
Start importing Assets/Models/Prefabs/Firefighter/Firefighter.prefab using Guid(3c93adc67ec919c4ea8724631ce0994e) Importer(815301076,1909f56bfc062723c751e8b465ee728b)  -> (artifact id: 'c3c3dd4ca3639daacfd13dfec369483d') in 0.036017 seconds 
  Import took 0.043488 seconds .

========================================================================
Received Import Request.
  Time since last request: 6.918003 seconds.
  path: Assets/Models/Prefabs/Firefighter/Firefighter.prefab
  artifactKey: Guid(3c93adc67ec919c4ea8724631ce0994e) Importer(815301076,1909f56bfc062723c751e8b465ee728b)
Start importing Assets/Models/Prefabs/Firefighter/Firefighter.prefab using Guid(3c93adc67ec919c4ea8724631ce0994e) Importer(815301076,1909f56bfc062723c751e8b465ee728b)  -> (artifact id: '8e56f2821744d7a301730c8383ba2557') in 0.027196 seconds 
  Import took 0.036976 seconds .

========================================================================
Received Import Request.
  Time since last request: 4.695123 seconds.
  path: Assets/Models/Prefabs/Firefighter/Firefighter.prefab
  artifactKey: Guid(3c93adc67ec919c4ea8724631ce0994e) Importer(815301076,1909f56bfc062723c751e8b465ee728b)
Start importing Assets/Models/Prefabs/Firefighter/Firefighter.prefab using Guid(3c93adc67ec919c4ea8724631ce0994e) Importer(815301076,1909f56bfc062723c751e8b465ee728b)  -> (artifact id: '667404b1fc9863e88d4c62184c4592df') in 0.031835 seconds 
  Import took 0.041524 seconds .

========================================================================
Received Import Request.
  Time since last request: 5.157481 seconds.
  path: Assets/Models/Prefabs/Firefighter/Firefighter.prefab
  artifactKey: Guid(3c93adc67ec919c4ea8724631ce0994e) Importer(815301076,1909f56bfc062723c751e8b465ee728b)
Start importing Assets/Models/Prefabs/Firefighter/Firefighter.prefab using Guid(3c93adc67ec919c4ea8724631ce0994e) Importer(815301076,1909f56bfc062723c751e8b465ee728b)  -> (artifact id: '8689280952f43afc135c23ae0007b692') in 0.032226 seconds 
  Import took 0.048303 seconds .

========================================================================
Received Import Request.
  Time since last request: 7.122957 seconds.
  path: Assets/Models/Prefabs/Firefighter/Firefighter.prefab
  artifactKey: Guid(3c93adc67ec919c4ea8724631ce0994e) Importer(815301076,1909f56bfc062723c751e8b465ee728b)
Start importing Assets/Models/Prefabs/Firefighter/Firefighter.prefab using Guid(3c93adc67ec919c4ea8724631ce0994e) Importer(815301076,1909f56bfc062723c751e8b465ee728b)  -> (artifact id: 'b87161d87dc29fb0bf1c141d65a0a5a5') in 0.027663 seconds 
  Import took 0.036837 seconds .

========================================================================
Received Import Request.
  Time since last request: 2.544055 seconds.
  path: Assets/Models/Prefabs/Firefighter/Firefighter.prefab
  artifactKey: Guid(3c93adc67ec919c4ea8724631ce0994e) Importer(815301076,1909f56bfc062723c751e8b465ee728b)
Start importing Assets/Models/Prefabs/Firefighter/Firefighter.prefab using Guid(3c93adc67ec919c4ea8724631ce0994e) Importer(815301076,1909f56bfc062723c751e8b465ee728b)  -> (artifact id: 'fa159feadeb1b6a30229233aba987b7d') in 0.036491 seconds 
  Import took 0.050888 seconds .

========================================================================
Received Import Request.
  Time since last request: 3.424697 seconds.
  path: Assets/Models/Prefabs/Firefighter/Firefighter.prefab
  artifactKey: Guid(3c93adc67ec919c4ea8724631ce0994e) Importer(815301076,1909f56bfc062723c751e8b465ee728b)
Start importing Assets/Models/Prefabs/Firefighter/Firefighter.prefab using Guid(3c93adc67ec919c4ea8724631ce0994e) Importer(815301076,1909f56bfc062723c751e8b465ee728b)  -> (artifact id: '9664a61c23087281fe698de407961954') in 0.033057 seconds 
  Import took 0.047729 seconds .

========================================================================
Received Import Request.
  Time since last request: 4.651858 seconds.
  path: Assets/Models/Prefabs/Firefighter/Firefighter.prefab
  artifactKey: Guid(3c93adc67ec919c4ea8724631ce0994e) Importer(815301076,1909f56bfc062723c751e8b465ee728b)
Start importing Assets/Models/Prefabs/Firefighter/Firefighter.prefab using Guid(3c93adc67ec919c4ea8724631ce0994e) Importer(815301076,1909f56bfc062723c751e8b465ee728b)  -> (artifact id: '2ffc4b3bf7b39dbd26bc3228000f26e5') in 0.031743 seconds 
  Import took 0.042334 seconds .

========================================================================
Received Import Request.
  Time since last request: 6.115539 seconds.
  path: Assets/Models/Prefabs/Firefighter/Firefighter.prefab
  artifactKey: Guid(3c93adc67ec919c4ea8724631ce0994e) Importer(815301076,1909f56bfc062723c751e8b465ee728b)
Start importing Assets/Models/Prefabs/Firefighter/Firefighter.prefab using Guid(3c93adc67ec919c4ea8724631ce0994e) Importer(815301076,1909f56bfc062723c751e8b465ee728b)  -> (artifact id: 'c07ad25b6d926f938397d8868eb80103') in 0.032218 seconds 
  Import took 0.040044 seconds .

========================================================================
Received Import Request.
  Time since last request: 1.832585 seconds.
  path: Assets/Models/Prefabs/Firefighter/Firefighter.prefab
  artifactKey: Guid(3c93adc67ec919c4ea8724631ce0994e) Importer(815301076,1909f56bfc062723c751e8b465ee728b)
Start importing Assets/Models/Prefabs/Firefighter/Firefighter.prefab using Guid(3c93adc67ec919c4ea8724631ce0994e) Importer(815301076,1909f56bfc062723c751e8b465ee728b)  -> (artifact id: '1472658c49179fad7cd68c39cad844a4') in 0.031597 seconds 
  Import took 0.041443 seconds .

========================================================================
Received Import Request.
  Time since last request: 2.842305 seconds.
  path: Assets/Models/Prefabs/Firefighter/Firefighter.prefab
  artifactKey: Guid(3c93adc67ec919c4ea8724631ce0994e) Importer(815301076,1909f56bfc062723c751e8b465ee728b)
Start importing Assets/Models/Prefabs/Firefighter/Firefighter.prefab using Guid(3c93adc67ec919c4ea8724631ce0994e) Importer(815301076,1909f56bfc062723c751e8b465ee728b)  -> (artifact id: 'fbd28c36c5b32d7a8a25d83b64fe06cb') in 0.032937 seconds 
  Import took 0.042550 seconds .

========================================================================
Received Import Request.
  Time since last request: 3.446748 seconds.
  path: Assets/Models/Prefabs/Firefighter/Firefighter.prefab
  artifactKey: Guid(3c93adc67ec919c4ea8724631ce0994e) Importer(815301076,1909f56bfc062723c751e8b465ee728b)
Start importing Assets/Models/Prefabs/Firefighter/Firefighter.prefab using Guid(3c93adc67ec919c4ea8724631ce0994e) Importer(815301076,1909f56bfc062723c751e8b465ee728b)  -> (artifact id: 'af55cd1a94837c10d6219a361c01c111') in 0.030753 seconds 
  Import took 0.039447 seconds .

========================================================================
Received Prepare
Registering precompiled user dll's ...
Registered in 0.009115 seconds.
Begin MonoManager ReloadAssembly
Native extension for WindowsStandalone target not found
Native extension for WebGL target not found
Refreshing native plugins compatible for Editor in 0.65 ms, found 2 plugins.
Preloading 0 native plugins for Editor in 0.00 ms.
Mono: successfully reloaded assembly
- Completed reload, in  1.201 seconds
Domain Reload Profiling:
	ReloadAssembly (1201ms)
		BeginReloadAssembly (129ms)
			ExecutionOrderSort (0ms)
			DisableScriptedObjects (9ms)
			BackupInstance (0ms)
			ReleaseScriptingObjects (0ms)
			CreateAndSetChildDomain (44ms)
		EndReloadAssembly (1002ms)
			LoadAssemblies (105ms)
			RebuildTransferFunctionScriptingTraits (0ms)
			SetupTypeCache (369ms)
			ReleaseScriptCaches (1ms)
			RebuildScriptCaches (47ms)
			SetupLoadedEditorAssemblies (325ms)
				LogAssemblyErrors (0ms)
				InitializePlatformSupportModulesInManaged (6ms)
				SetLoadedEditorAssemblies (1ms)
				RefreshPlugins (1ms)
				BeforeProcessingInitializeOnLoad (94ms)
				ProcessInitializeOnLoadAttributes (210ms)
				ProcessInitializeOnLoadMethodAttributes (7ms)
				AfterProcessingInitializeOnLoad (7ms)
				EditorAssembliesLoaded (0ms)
			ExecutionOrderSort2 (0ms)
			AwakeInstancesAfterBackupRestoration (17ms)
Platform modules already initialized, skipping
Refreshing native plugins compatible for Editor in 0.75 ms, found 2 plugins.
Preloading 0 native plugins for Editor in 0.00 ms.
Unloading 3244 Unused Serialized files (Serialized files now loaded: 0)
System memory in use before: 156.5 MB.
System memory in use after: 156.7 MB.

Unloading 17 unused Assets to reduce memory usage. Loaded Objects now: 3961.
Total: 3.952700 ms (FindLiveObjects: 0.353100 ms CreateObjectMapping: 0.164900 ms MarkObjects: 3.415000 ms  DeleteObjects: 0.018700 ms)

AssetImportParameters requested are different than current active one (requested -> active):
  custom:framework-win-MediaFoundation: 216162199b28c13a410421893ffa2e32 -> 
  custom:video-decoder-ogg-theora: a1e56fd34408186e4bbccfd4996cb3dc -> 
  custom:container-muxer-webm: aa71ff27fc2769a1b78a27578f13a17b -> 
  custom:container-demuxer-webm: 4f35f7cbe854078d1ac9338744f61a02 -> 
  custom:container-demuxer-ogg: 62fdf1f143b41e24485cea50d1cbac27 -> 
  custom:video-encoder-webm-vp8: eb34c28f22e8b96e1ab97ce403110664 -> 
  custom:video-decoder-webm-vp8: 9c59270c3fd7afecdb556c50c9e8de78 -> 
  custom:audio-decoder-ogg-vorbis: bf7c407c2cedff20999df2af8eb42d56 -> 
  custom:audio-encoder-webm-vorbis: bf7c407c2cedff20999df2af8eb42d56 -> 
